<?xml version="1.0" encoding="UTF-8"?>
<!-- Generated by org.testng.reporters.JUnitReportReporter -->
<testsuite hostname="vivekRanjan" failures="0" tests="2" name="tests.ProductTests" time="5.945" errors="0" timestamp="2025-08-19T23:35:21 IST" skipped="0">
  <testcase classname="tests.ProductTests" name="getAllProducts_shouldReturnList_andMatchSchema" time="2.598"/>
  <testcase classname="tests.ProductTests" name="getProductById_shouldReturnSingle_andMatchSchema" time="3.347"/>
</testsuite> <!-- tests.ProductTests -->
