<?xml version="1.0" encoding="UTF-8"?>
<!-- Generated by org.testng.reporters.JUnitReportReporter -->
<testsuite hostname="vivekRanjan" failures="0" tests="1" name="tests.EndToEndFlowTest" time="4.932" errors="0" timestamp="2025-08-19T23:35:21 IST" skipped="0">
  <testcase classname="tests.EndToEndFlowTest" name="userBrowsesProduct_addsToCart_placesCart" time="4.932"/>
</testsuite> <!-- tests.EndToEndFlowTest -->
