<?xml version="1.0" encoding="UTF-8"?>
<!-- Generated by org.testng.reporters.JUnitReportReporter -->
<testsuite hostname="vivekRanjan" failures="0" tests="2" name="tests.CartTests" time="2.817" errors="0" timestamp="2025-08-19T23:35:21 IST" skipped="0">
  <testcase classname="tests.CartTests" name="getCartById_shouldReturnCart" time="1.582"/>
  <testcase classname="tests.CartTests" name="createCart_shouldSucceed_andMatchSchema" time="1.235"/>
</testsuite> <!-- tests.CartTests -->
